<?xml version="1.0" encoding="UTF-8"?>
<coverage generated="1537124544">
  <project timestamp="1537124544">
    <package name="Theyak\Tau">
      <file name="I:\laragon\www\Tau2\src/Clock.php">
        <class name="Theyak\Tau\Clock" namespace="Theyak\Tau">
          <metrics complexity="22" methods="7" coveredmethods="7" conditionals="0" coveredconditionals="0" statements="39" coveredstatements="39" elements="46" coveredelements="46"/>
        </class>
        <line num="32" type="method" name="__construct" visibility="public" complexity="6" crap="6" count="13"/>
        <line num="34" type="stmt" count="13"/>
        <line num="35" type="stmt" count="1"/>
        <line num="38" type="stmt" count="13"/>
        <line num="39" type="stmt" count="1"/>
        <line num="40" type="stmt" count="13"/>
        <line num="41" type="stmt" count="1"/>
        <line num="42" type="stmt" count="12"/>
        <line num="43" type="stmt" count="1"/>
        <line num="44" type="stmt" count="1"/>
        <line num="47" type="stmt" count="13"/>
        <line num="52" type="stmt" count="13"/>
        <line num="53" type="stmt" count="2"/>
        <line num="55" type="stmt" count="13"/>
        <line num="63" type="method" name="setTimezone" visibility="public" complexity="2" crap="2" count="5"/>
        <line num="65" type="stmt" count="5"/>
        <line num="66" type="stmt" count="2"/>
        <line num="68" type="stmt" count="5"/>
        <line num="70" type="stmt" count="5"/>
        <line num="77" type="method" name="copy" visibility="public" complexity="1" crap="1" count="2"/>
        <line num="79" type="stmt" count="2"/>
        <line num="89" type="method" name="format" visibility="public" complexity="1" crap="1" count="13"/>
        <line num="91" type="stmt" count="13"/>
        <line num="100" type="method" name="__toString" visibility="public" complexity="1" crap="1" count="1"/>
        <line num="102" type="stmt" count="1"/>
        <line num="111" type="method" name="__get" visibility="public" complexity="10" crap="10" count="1"/>
        <line num="113" type="stmt" count="1"/>
        <line num="114" type="stmt" count="1"/>
        <line num="115" type="stmt" count="1"/>
        <line num="116" type="stmt" count="1"/>
        <line num="117" type="stmt" count="1"/>
        <line num="118" type="stmt" count="1"/>
        <line num="119" type="stmt" count="1"/>
        <line num="120" type="stmt" count="1"/>
        <line num="121" type="stmt" count="1"/>
        <line num="122" type="stmt" count="1"/>
        <line num="123" type="stmt" count="1"/>
        <line num="124" type="stmt" count="1"/>
        <line num="125" type="stmt" count="1"/>
        <line num="126" type="stmt" count="1"/>
        <line num="127" type="stmt" count="1"/>
        <line num="128" type="stmt" count="1"/>
        <line num="130" type="stmt" count="1"/>
        <line num="141" type="method" name="toString" visibility="public" complexity="1" crap="1" count="1"/>
        <line num="143" type="stmt" count="1"/>
        <line num="144" type="stmt" count="1"/>
        <metrics loc="146" ncloc="86" classes="1" methods="7" coveredmethods="7" conditionals="0" coveredconditionals="0" statements="39" coveredstatements="39" elements="46" coveredelements="46"/>
      </file>
      <file name="I:\laragon\www\Tau2\src/Crypt.php">
        <class name="Theyak\Tau\Crypt" namespace="Theyak\Tau">
          <metrics complexity="4" methods="3" coveredmethods="3" conditionals="0" coveredconditionals="0" statements="16" coveredstatements="16" elements="19" coveredelements="19"/>
        </class>
        <line num="41" type="method" name="getRandomKey" visibility="public" complexity="1" crap="1" count="2"/>
        <line num="43" type="stmt" count="2"/>
        <line num="53" type="method" name="encrypt" visibility="public" complexity="1" crap="1" count="2"/>
        <line num="55" type="stmt" count="2"/>
        <line num="56" type="stmt" count="2"/>
        <line num="57" type="stmt" count="2"/>
        <line num="58" type="stmt" count="2"/>
        <line num="59" type="stmt" count="2"/>
        <line num="69" type="method" name="decrypt" visibility="public" complexity="2" crap="2" count="2"/>
        <line num="71" type="stmt" count="2"/>
        <line num="72" type="stmt" count="2"/>
        <line num="73" type="stmt" count="2"/>
        <line num="74" type="stmt" count="2"/>
        <line num="75" type="stmt" count="2"/>
        <line num="76" type="stmt" count="2"/>
        <line num="78" type="stmt" count="2"/>
        <line num="79" type="stmt" count="2"/>
        <line num="80" type="stmt" count="1"/>
        <line num="82" type="stmt" count="1"/>
        <metrics loc="84" ncloc="43" classes="1" methods="3" coveredmethods="3" conditionals="0" coveredconditionals="0" statements="16" coveredstatements="16" elements="19" coveredelements="19"/>
      </file>
      <file name="I:\laragon\www\Tau2\src/View.php">
        <class name="Theyak\Tau\View" namespace="Theyak\Tau">
          <metrics complexity="61" methods="20" coveredmethods="6" conditionals="0" coveredconditionals="0" statements="116" coveredstatements="56" elements="136" coveredelements="62"/>
        </class>
        <line num="54" type="method" name="__construct" visibility="public" complexity="5" crap="6.42" count="5"/>
        <line num="56" type="stmt" count="5"/>
        <line num="58" type="stmt" count="5"/>
        <line num="59" type="stmt" count="0"/>
        <line num="60" type="stmt" count="5"/>
        <line num="61" type="stmt" count="0"/>
        <line num="64" type="stmt" count="5"/>
        <line num="65" type="stmt" count="0"/>
        <line num="66" type="stmt" count="0"/>
        <line num="68" type="stmt" count="0"/>
        <line num="72" type="stmt" count="5"/>
        <line num="73" type="stmt" count="5"/>
        <line num="75" type="stmt" count="5"/>
        <line num="76" type="stmt" count="5"/>
        <line num="85" type="method" name="assign" visibility="public" complexity="2" crap="2.06" count="2"/>
        <line num="87" type="stmt" count="2"/>
        <line num="88" type="stmt" count="0"/>
        <line num="90" type="stmt" count="2"/>
        <line num="92" type="stmt" count="2"/>
        <line num="101" type="method" name="addPath" visibility="public" complexity="2" crap="6.00" count="0"/>
        <line num="103" type="stmt" count="0"/>
        <line num="104" type="stmt" count="0"/>
        <line num="105" type="stmt" count="0"/>
        <line num="108" type="stmt" count="0"/>
        <line num="109" type="stmt" count="0"/>
        <line num="110" type="stmt" count="0"/>
        <line num="118" type="method" name="setPaths" visibility="public" complexity="4" crap="20.00" count="0"/>
        <line num="120" type="stmt" count="0"/>
        <line num="121" type="stmt" count="0"/>
        <line num="122" type="stmt" count="0"/>
        <line num="123" type="stmt" count="0"/>
        <line num="125" type="stmt" count="0"/>
        <line num="126" type="stmt" count="0"/>
        <line num="128" type="stmt" count="0"/>
        <line num="137" type="method" name="registerHelper" visibility="public" complexity="1" crap="2.00" count="0"/>
        <line num="139" type="stmt" count="0"/>
        <line num="140" type="stmt" count="0"/>
        <line num="150" type="method" name="registerBlock" visibility="public" complexity="1" crap="1" count="5"/>
        <line num="152" type="stmt" count="5"/>
        <line num="153" type="stmt" count="5"/>
        <line num="162" type="method" name="block" visibility="public" complexity="3" crap="3" count="1"/>
        <line num="164" type="stmt" count="1"/>
        <line num="165" type="stmt" count="1"/>
        <line num="166" type="stmt" count="1"/>
        <line num="168" type="stmt" count="1"/>
        <line num="174" type="method" name="endBlock" visibility="public" complexity="3" crap="3" count="1"/>
        <line num="176" type="stmt" count="1"/>
        <line num="177" type="stmt" count="1"/>
        <line num="178" type="stmt" count="1"/>
        <line num="179" type="stmt" count="1"/>
        <line num="180" type="stmt" count="1"/>
        <line num="183" type="stmt" count="1"/>
        <line num="191" type="method" name="finder" visibility="protected" complexity="16" crap="37.81" count="5"/>
        <line num="193" type="stmt" count="5"/>
        <line num="194" type="stmt" count="0"/>
        <line num="197" type="stmt" count="5"/>
        <line num="198" type="stmt" count="0"/>
        <line num="201" type="stmt" count="5"/>
        <line num="202" type="stmt" count="0"/>
        <line num="205" type="stmt" count="5"/>
        <line num="206" type="stmt" count="5"/>
        <line num="208" type="stmt" count="0"/>
        <line num="212" type="stmt" count="5"/>
        <line num="213" type="stmt" count="0"/>
        <line num="214" type="stmt" count="0"/>
        <line num="215" type="stmt" count="0"/>
        <line num="218" type="stmt" count="5"/>
        <line num="222" type="stmt" count="5"/>
        <line num="223" type="stmt" count="5"/>
        <line num="224" type="stmt" count="0"/>
        <line num="225" type="stmt" count="0"/>
        <line num="226" type="stmt" count="0"/>
        <line num="227" type="stmt" count="5"/>
        <line num="234" type="stmt" count="5"/>
        <line num="235" type="stmt" count="5"/>
        <line num="236" type="stmt" count="5"/>
        <line num="237" type="stmt" count="5"/>
        <line num="241" type="stmt" count="0"/>
        <line num="250" type="method" name="find" visibility="public" complexity="5" crap="11.10" count="5"/>
        <line num="252" type="stmt" count="5"/>
        <line num="253" type="stmt" count="5"/>
        <line num="254" type="stmt" count="0"/>
        <line num="255" type="stmt" count="0"/>
        <line num="256" type="stmt" count="0"/>
        <line num="257" type="stmt" count="0"/>
        <line num="259" type="stmt" count="0"/>
        <line num="263" type="stmt" count="5"/>
        <line num="269" type="method" name="getFile" visibility="public" complexity="1" crap="2.00" count="0"/>
        <line num="271" type="stmt" count="0"/>
        <line num="278" type="method" name="embed" visibility="public" complexity="1" crap="2.00" count="0"/>
        <line num="280" type="stmt" count="0"/>
        <line num="281" type="stmt" count="0"/>
        <line num="290" type="method" name="render" visibility="public" complexity="2" crap="2.01" count="5"/>
        <line num="292" type="stmt" count="5"/>
        <line num="293" type="stmt" count="5"/>
        <line num="294" type="stmt" count="0"/>
        <line num="297" type="stmt" count="5"/>
        <line num="298" type="stmt" count="5"/>
        <line num="300" type="stmt" count="5"/>
        <line num="301" type="stmt" count="5"/>
        <line num="302" type="stmt" count="5"/>
        <line num="303" type="stmt" count="5"/>
        <line num="313" type="method" name="renderToString" visibility="public" complexity="1" crap="1" count="1"/>
        <line num="315" type="stmt" count="1"/>
        <line num="316" type="stmt" count="1"/>
        <line num="317" type="stmt" count="1"/>
        <line num="320" type="method" name="__get" visibility="public" complexity="1" crap="2.00" count="0"/>
        <line num="321" type="stmt" count="0"/>
        <line num="322" type="stmt" count="0"/>
        <line num="324" type="method" name="__call" visibility="public" complexity="2" crap="6.00" count="0"/>
        <line num="325" type="stmt" count="0"/>
        <line num="326" type="stmt" count="0"/>
        <line num="328" type="stmt" count="0"/>
        <line num="338" type="method" name="generatePathId" visibility="protected" complexity="4" crap="20.00" count="0"/>
        <line num="340" type="stmt" count="0"/>
        <line num="341" type="stmt" count="0"/>
        <line num="344" type="stmt" count="0"/>
        <line num="345" type="stmt" count="0"/>
        <line num="346" type="stmt" count="0"/>
        <line num="347" type="stmt" count="0"/>
        <line num="350" type="stmt" count="0"/>
        <line num="351" type="stmt" count="0"/>
        <line num="354" type="stmt" count="0"/>
        <line num="363" type="method" name="toArray" visibility="protected" complexity="4" crap="9.83" count="5"/>
        <line num="365" type="stmt" count="5"/>
        <line num="366" type="stmt" count="5"/>
        <line num="369" type="stmt" count="0"/>
        <line num="370" type="stmt" count="0"/>
        <line num="373" type="stmt" count="0"/>
        <line num="374" type="stmt" count="0"/>
        <line num="377" type="stmt" count="0"/>
        <line num="388" type="method" name="getOpt" visibility="private" complexity="2" crap="2" count="5"/>
        <line num="390" type="stmt" count="5"/>
        <line num="401" type="method" name="minimize" visibility="public" complexity="1" crap="1" count="1"/>
        <line num="403" type="stmt" count="1"/>
        <line num="404" type="stmt" count="1"/>
        <metrics loc="406" ncloc="281" classes="1" methods="20" coveredmethods="6" conditionals="0" coveredconditionals="0" statements="116" coveredstatements="56" elements="136" coveredelements="62"/>
      </file>
    </package>
    <package name="Theyak">
      <file name="I:\laragon\www\Tau2\src/Tau.php">
        <class name="Theyak\Tau" namespace="Theyak">
          <metrics complexity="36" methods="2" coveredmethods="2" conditionals="0" coveredconditionals="0" statements="2" coveredstatements="2" elements="4" coveredelements="4"/>
        </class>
        <line num="19" type="method" name="isAjax" visibility="public" complexity="1" crap="1" count="1"/>
        <line num="21" type="stmt" count="1"/>
        <line num="30" type="method" name="isCli" visibility="public" complexity="1" crap="1" count="1"/>
        <line num="32" type="stmt" count="1"/>
        <metrics loc="149" ncloc="111" classes="1" methods="2" coveredmethods="2" conditionals="0" coveredconditionals="0" statements="2" coveredstatements="2" elements="4" coveredelements="4"/>
      </file>
    </package>
    <metrics files="4" loc="785" ncloc="521" classes="4" methods="32" coveredmethods="18" conditionals="0" coveredconditionals="0" statements="173" coveredstatements="113" elements="205" coveredelements="131"/>
  </project>
</coverage>
