<?xml version="1.0" encoding="UTF-8"?>
<coverage generated="1533525272">
  <project timestamp="1533525272">
    <package name="Theyak\Tau">
      <file name="I:\laragon\www\Tau2\src/Clock.php">
        <class name="Theyak\Tau\Clock" namespace="Theyak\Tau">
          <metrics complexity="22" methods="7" coveredmethods="7" conditionals="0" coveredconditionals="0" statements="39" coveredstatements="39" elements="46" coveredelements="46"/>
        </class>
        <line num="32" type="method" name="__construct" visibility="public" complexity="6" crap="6" count="13"/>
        <line num="34" type="stmt" count="13"/>
        <line num="35" type="stmt" count="1"/>
        <line num="38" type="stmt" count="13"/>
        <line num="39" type="stmt" count="1"/>
        <line num="40" type="stmt" count="13"/>
        <line num="41" type="stmt" count="1"/>
        <line num="42" type="stmt" count="12"/>
        <line num="43" type="stmt" count="1"/>
        <line num="44" type="stmt" count="1"/>
        <line num="47" type="stmt" count="13"/>
        <line num="52" type="stmt" count="13"/>
        <line num="53" type="stmt" count="2"/>
        <line num="55" type="stmt" count="13"/>
        <line num="63" type="method" name="setTimezone" visibility="public" complexity="2" crap="2" count="5"/>
        <line num="65" type="stmt" count="5"/>
        <line num="66" type="stmt" count="2"/>
        <line num="68" type="stmt" count="5"/>
        <line num="70" type="stmt" count="5"/>
        <line num="77" type="method" name="copy" visibility="public" complexity="1" crap="1" count="2"/>
        <line num="79" type="stmt" count="2"/>
        <line num="89" type="method" name="format" visibility="public" complexity="1" crap="1" count="13"/>
        <line num="91" type="stmt" count="13"/>
        <line num="100" type="method" name="__toString" visibility="public" complexity="1" crap="1" count="1"/>
        <line num="102" type="stmt" count="1"/>
        <line num="111" type="method" name="__get" visibility="public" complexity="10" crap="10" count="1"/>
        <line num="113" type="stmt" count="1"/>
        <line num="114" type="stmt" count="1"/>
        <line num="115" type="stmt" count="1"/>
        <line num="116" type="stmt" count="1"/>
        <line num="117" type="stmt" count="1"/>
        <line num="118" type="stmt" count="1"/>
        <line num="119" type="stmt" count="1"/>
        <line num="120" type="stmt" count="1"/>
        <line num="121" type="stmt" count="1"/>
        <line num="122" type="stmt" count="1"/>
        <line num="123" type="stmt" count="1"/>
        <line num="124" type="stmt" count="1"/>
        <line num="125" type="stmt" count="1"/>
        <line num="126" type="stmt" count="1"/>
        <line num="127" type="stmt" count="1"/>
        <line num="128" type="stmt" count="1"/>
        <line num="130" type="stmt" count="1"/>
        <line num="141" type="method" name="toString" visibility="public" complexity="1" crap="1" count="1"/>
        <line num="143" type="stmt" count="1"/>
        <line num="144" type="stmt" count="1"/>
        <metrics loc="146" ncloc="86" classes="1" methods="7" coveredmethods="7" conditionals="0" coveredconditionals="0" statements="39" coveredstatements="39" elements="46" coveredelements="46"/>
      </file>
      <file name="I:\laragon\www\Tau2\src/Crypt.php">
        <class name="Theyak\Tau\Crypt" namespace="Theyak\Tau">
          <metrics complexity="4" methods="3" coveredmethods="3" conditionals="0" coveredconditionals="0" statements="16" coveredstatements="16" elements="19" coveredelements="19"/>
        </class>
        <line num="41" type="method" name="getRandomKey" visibility="public" complexity="1" crap="1" count="2"/>
        <line num="43" type="stmt" count="2"/>
        <line num="53" type="method" name="encrypt" visibility="public" complexity="1" crap="1" count="2"/>
        <line num="55" type="stmt" count="2"/>
        <line num="56" type="stmt" count="2"/>
        <line num="57" type="stmt" count="2"/>
        <line num="58" type="stmt" count="2"/>
        <line num="59" type="stmt" count="2"/>
        <line num="69" type="method" name="decrypt" visibility="public" complexity="2" crap="2" count="2"/>
        <line num="71" type="stmt" count="2"/>
        <line num="72" type="stmt" count="2"/>
        <line num="73" type="stmt" count="2"/>
        <line num="74" type="stmt" count="2"/>
        <line num="75" type="stmt" count="2"/>
        <line num="76" type="stmt" count="2"/>
        <line num="78" type="stmt" count="2"/>
        <line num="79" type="stmt" count="2"/>
        <line num="80" type="stmt" count="1"/>
        <line num="82" type="stmt" count="1"/>
        <metrics loc="84" ncloc="43" classes="1" methods="3" coveredmethods="3" conditionals="0" coveredconditionals="0" statements="16" coveredstatements="16" elements="19" coveredelements="19"/>
      </file>
    </package>
    <package name="Theyak">
      <file name="I:\laragon\www\Tau2\src/Tau.php">
        <class name="Theyak\Tau" namespace="Theyak">
          <metrics complexity="36" methods="2" coveredmethods="2" conditionals="0" coveredconditionals="0" statements="2" coveredstatements="2" elements="4" coveredelements="4"/>
        </class>
        <line num="19" type="method" name="isAjax" visibility="public" complexity="1" crap="1" count="1"/>
        <line num="21" type="stmt" count="1"/>
        <line num="30" type="method" name="isCli" visibility="public" complexity="1" crap="1" count="1"/>
        <line num="32" type="stmt" count="1"/>
        <metrics loc="149" ncloc="111" classes="1" methods="2" coveredmethods="2" conditionals="0" coveredconditionals="0" statements="2" coveredstatements="2" elements="4" coveredelements="4"/>
      </file>
    </package>
    <metrics files="3" loc="379" ncloc="240" classes="3" methods="12" coveredmethods="12" conditionals="0" coveredconditionals="0" statements="57" coveredstatements="57" elements="69" coveredelements="69"/>
  </project>
</coverage>
